app/build/intermediates/manifest_merge_blame_file/debug/manifest-merger-blame-debug-report.txt
1<?xml version="1.0" encoding="utf-8"?>
2<manifest xmlns:android="http://schemas.android.com/apk/res/android"
3    package="com.waheki.aplikasipetugassampah"
4    android:versionCode="1"
5    android:versionName="1.0" >
6
7    <uses-sdk
8        android:minSdkVersion="22"
8-->src\main\AndroidManifest.xml
9        android:targetSdkVersion="29" />
9-->src\main\AndroidManifest.xml
10
11    <uses-permission android:name="android.permission.INTERNET" />
11-->src\main\AndroidManifest.xml:5:5-67
11-->src\main\AndroidManifest.xml:5:22-64
12
13    <!-- Although the *SdkVersion is captured in gradle build files, this is required for non gradle builds -->
14    <!-- <uses-sdk android:minSdkVersion="14"/> -->
15    <uses-permission android:name="android.permission.ACCESS_NETWORK_STATE" />
15-->[com.google.firebase:firebase-storage:19.1.0] AndroidManifest.xml:26:5-79
15-->[com.google.firebase:firebase-storage:19.1.0] AndroidManifest.xml:26:22-76
16    <uses-permission android:name="android.permission.WAKE_LOCK" />
16-->[com.google.android.gms:play-services-measurement:17.2.2] AndroidManifest.xml:25:5-68
16-->[com.google.android.gms:play-services-measurement:17.2.2] AndroidManifest.xml:25:22-65
17    <uses-permission android:name="com.google.android.finsky.permission.BIND_GET_INSTALL_REFERRER_SERVICE" /> <!-- Required by older versions of Google Play services to create IID tokens -->
17-->[com.google.android.gms:play-services-measurement:17.2.2] AndroidManifest.xml:26:5-110
17-->[com.google.android.gms:play-services-measurement:17.2.2] AndroidManifest.xml:26:22-107
18    <uses-permission android:name="com.google.android.c2dm.permission.RECEIVE" />
18-->[com.google.firebase:firebase-iid:20.0.2] AndroidManifest.xml:26:5-82
18-->[com.google.firebase:firebase-iid:20.0.2] AndroidManifest.xml:26:22-79
19
20    <application
20-->src\main\AndroidManifest.xml:7:5-41:19
21        android:allowBackup="true"
21-->src\main\AndroidManifest.xml:8:9-35
22        android:appComponentFactory="androidx.core.app.CoreComponentFactory"
22-->[androidx.core:core:1.1.0] AndroidManifest.xml:24:18-86
23        android:debuggable="true"
24        android:icon="@mipmap/logodesign"
24-->src\main\AndroidManifest.xml:9:9-42
25        android:label="@string/app_name"
25-->src\main\AndroidManifest.xml:10:9-41
26        android:roundIcon="@drawable/logo"
26-->src\main\AndroidManifest.xml:11:9-43
27        android:supportsRtl="true"
27-->src\main\AndroidManifest.xml:12:9-35
28        android:testOnly="true"
29        android:theme="@style/AppTheme" >
29-->src\main\AndroidManifest.xml:13:9-40
30        <activity
30-->src\main\AndroidManifest.xml:14:9-16:38
31            android:name="com.waheki.aplikasipetugassampah.regusterwarga"
31-->src\main\AndroidManifest.xml:15:13-42
32            android:label="Daftar" />
32-->src\main\AndroidManifest.xml:16:13-35
33        <activity
33-->src\main\AndroidManifest.xml:17:9-18:37
34            android:name="com.waheki.aplikasipetugassampah.loginwarga"
34-->src\main\AndroidManifest.xml:17:19-45
35            android:label="Login" />
35-->src\main\AndroidManifest.xml:18:13-34
36        <activity android:name="com.waheki.aplikasipetugassampah.Loginpegawai" />
36-->src\main\AndroidManifest.xml:19:9-50
36-->src\main\AndroidManifest.xml:19:19-47
37        <activity android:name="com.waheki.aplikasipetugassampah.menuwarga" />
37-->src\main\AndroidManifest.xml:20:9-47
37-->src\main\AndroidManifest.xml:20:19-44
38        <activity android:name="com.waheki.aplikasipetugassampah.JemputSampah" />
38-->src\main\AndroidManifest.xml:21:9-49
38-->src\main\AndroidManifest.xml:21:19-47
39        <activity android:name="com.waheki.aplikasipetugassampah.JemputOrderan" />
39-->src\main\AndroidManifest.xml:22:9-50
39-->src\main\AndroidManifest.xml:22:19-48
40        <activity android:name="com.waheki.aplikasipetugassampah.Tentang" />
40-->src\main\AndroidManifest.xml:23:9-44
40-->src\main\AndroidManifest.xml:23:19-42
41        <activity android:name="com.waheki.aplikasipetugassampah.PetaInformasi" />
41-->src\main\AndroidManifest.xml:24:9-50
41-->src\main\AndroidManifest.xml:24:19-48
42        <activity android:name="com.waheki.aplikasipetugassampah.MenuRongsok" />
42-->src\main\AndroidManifest.xml:25:9-48
42-->src\main\AndroidManifest.xml:25:19-46
43        <activity android:name="com.waheki.aplikasipetugassampah.Main3Activity" />
43-->src\main\AndroidManifest.xml:26:9-51
43-->src\main\AndroidManifest.xml:26:19-48
44        <activity android:name="com.waheki.aplikasipetugassampah.Main2Activity" />
44-->src\main\AndroidManifest.xml:27:9-51
44-->src\main\AndroidManifest.xml:27:19-48
45        <activity android:name="com.waheki.aplikasipetugassampah.MainActivity" />
45-->src\main\AndroidManifest.xml:28:9-49
45-->src\main\AndroidManifest.xml:28:19-47
46        <activity android:name="com.waheki.aplikasipetugassampah.menugawai" />
46-->src\main\AndroidManifest.xml:29:9-46
46-->src\main\AndroidManifest.xml:29:19-44
47        <activity android:name="com.waheki.aplikasipetugassampah.SplashScreen" >
47-->src\main\AndroidManifest.xml:30:9-36:20
47-->src\main\AndroidManifest.xml:30:19-47
48            <intent-filter>
48-->src\main\AndroidManifest.xml:31:13-35:29
49                <action android:name="android.intent.action.MAIN" />
49-->src\main\AndroidManifest.xml:32:17-69
49-->src\main\AndroidManifest.xml:32:25-66
50
51                <category android:name="android.intent.category.LAUNCHER" />
51-->src\main\AndroidManifest.xml:34:17-77
51-->src\main\AndroidManifest.xml:34:27-74
52            </intent-filter>
53        </activity>
54
55        <meta-data
55-->src\main\AndroidManifest.xml:38:9-40:57
56            android:name="preloaded_fonts"
56-->src\main\AndroidManifest.xml:39:13-43
57            android:resource="@array/preloaded_fonts" />
57-->src\main\AndroidManifest.xml:40:13-54
58
59        <service
59-->[com.google.firebase:firebase-storage:19.1.0] AndroidManifest.xml:30:9-36:19
60            android:name="com.google.firebase.components.ComponentDiscoveryService"
60-->[com.google.firebase:firebase-storage:19.1.0] AndroidManifest.xml:31:13-84
61            android:directBootAware="true"
61-->[com.google.firebase:firebase-common:19.3.0] AndroidManifest.xml:34:13-43
62            android:exported="false" >
62-->[com.google.firebase:firebase-storage:19.1.0] AndroidManifest.xml:32:13-37
63            <meta-data
63-->[com.google.firebase:firebase-storage:19.1.0] AndroidManifest.xml:33:13-35:85
64                android:name="com.google.firebase.components:com.google.firebase.storage.StorageRegistrar"
64-->[com.google.firebase:firebase-storage:19.1.0] AndroidManifest.xml:34:17-107
65                android:value="com.google.firebase.components.ComponentRegistrar" />
65-->[com.google.firebase:firebase-storage:19.1.0] AndroidManifest.xml:35:17-82
66            <meta-data
66-->[com.google.firebase:firebase-database:19.2.0] AndroidManifest.xml:32:13-34:85
67                android:name="com.google.firebase.components:com.google.firebase.database.DatabaseRegistrar"
67-->[com.google.firebase:firebase-database:19.2.0] AndroidManifest.xml:33:17-109
68                android:value="com.google.firebase.components.ComponentRegistrar" />
68-->[com.google.firebase:firebase-database:19.2.0] AndroidManifest.xml:34:17-82
69            <meta-data
69-->[com.google.firebase:firebase-auth:19.2.0] AndroidManifest.xml:36:13-38:85
70                android:name="com.google.firebase.components:com.google.firebase.auth.FirebaseAuthRegistrar"
70-->[com.google.firebase:firebase-auth:19.2.0] AndroidManifest.xml:37:17-109
71                android:value="com.google.firebase.components.ComponentRegistrar" />
71-->[com.google.firebase:firebase-auth:19.2.0] AndroidManifest.xml:38:17-82
72            <meta-data
72-->[com.google.android.gms:play-services-measurement-api:17.2.2] AndroidManifest.xml:30:13-32:85
73                android:name="com.google.firebase.components:com.google.firebase.analytics.connector.internal.AnalyticsConnectorRegistrar"
73-->[com.google.android.gms:play-services-measurement-api:17.2.2] AndroidManifest.xml:31:17-139
74                android:value="com.google.firebase.components.ComponentRegistrar" />
74-->[com.google.android.gms:play-services-measurement-api:17.2.2] AndroidManifest.xml:32:17-82
75            <meta-data
75-->[com.google.firebase:firebase-iid:20.0.2] AndroidManifest.xml:32:13-34:85
76                android:name="com.google.firebase.components:com.google.firebase.iid.Registrar"
76-->[com.google.firebase:firebase-iid:20.0.2] AndroidManifest.xml:33:17-96
77                android:value="com.google.firebase.components.ComponentRegistrar" />
77-->[com.google.firebase:firebase-iid:20.0.2] AndroidManifest.xml:34:17-82
78        </service>
79
80        <activity
80-->[com.google.firebase:firebase-auth:19.2.0] AndroidManifest.xml:24:9-31:50
81            android:name="com.google.firebase.auth.internal.FederatedSignInActivity"
81-->[com.google.firebase:firebase-auth:19.2.0] AndroidManifest.xml:25:13-85
82            android:excludeFromRecents="true"
82-->[com.google.firebase:firebase-auth:19.2.0] AndroidManifest.xml:26:13-46
83            android:exported="true"
83-->[com.google.firebase:firebase-auth:19.2.0] AndroidManifest.xml:27:13-36
84            android:launchMode="singleTask"
84-->[com.google.firebase:firebase-auth:19.2.0] AndroidManifest.xml:28:13-44
85            android:permission="com.google.firebase.auth.api.gms.permission.LAUNCH_FEDERATED_SIGN_IN"
85-->[com.google.firebase:firebase-auth:19.2.0] AndroidManifest.xml:29:13-102
86            android:theme="@android:style/Theme.Translucent.NoTitleBar" />
86-->[com.google.firebase:firebase-auth:19.2.0] AndroidManifest.xml:30:13-72
87        <activity
87-->[com.google.android.gms:play-services-auth:17.0.0] AndroidManifest.xml:23:9-27:75
88            android:name="com.google.android.gms.auth.api.signin.internal.SignInHubActivity"
88-->[com.google.android.gms:play-services-auth:17.0.0] AndroidManifest.xml:24:13-93
89            android:excludeFromRecents="true"
89-->[com.google.android.gms:play-services-auth:17.0.0] AndroidManifest.xml:25:13-46
90            android:exported="false"
90-->[com.google.android.gms:play-services-auth:17.0.0] AndroidManifest.xml:26:13-37
91            android:theme="@android:style/Theme.Translucent.NoTitleBar" />
91-->[com.google.android.gms:play-services-auth:17.0.0] AndroidManifest.xml:27:13-72
92        <!--
93            Service handling Google Sign-In user revocation. For apps that do not integrate with
94            Google Sign-In, this service will never be started.
95        -->
96        <service
96-->[com.google.android.gms:play-services-auth:17.0.0] AndroidManifest.xml:33:9-36:110
97            android:name="com.google.android.gms.auth.api.signin.RevocationBoundService"
97-->[com.google.android.gms:play-services-auth:17.0.0] AndroidManifest.xml:34:13-89
98            android:exported="true"
98-->[com.google.android.gms:play-services-auth:17.0.0] AndroidManifest.xml:35:13-36
99            android:permission="com.google.android.gms.auth.api.signin.permission.REVOCATION_NOTIFICATION" />
99-->[com.google.android.gms:play-services-auth:17.0.0] AndroidManifest.xml:36:13-107
100
101        <receiver
101-->[com.google.android.gms:play-services-measurement:17.2.2] AndroidManifest.xml:29:9-33:20
102            android:name="com.google.android.gms.measurement.AppMeasurementReceiver"
102-->[com.google.android.gms:play-services-measurement:17.2.2] AndroidManifest.xml:30:13-85
103            android:enabled="true"
103-->[com.google.android.gms:play-services-measurement:17.2.2] AndroidManifest.xml:31:13-35
104            android:exported="false" >
104-->[com.google.android.gms:play-services-measurement:17.2.2] AndroidManifest.xml:32:13-37
105        </receiver>
106        <receiver
106-->[com.google.android.gms:play-services-measurement:17.2.2] AndroidManifest.xml:34:9-42:20
107            android:name="com.google.android.gms.measurement.AppMeasurementInstallReferrerReceiver"
107-->[com.google.android.gms:play-services-measurement:17.2.2] AndroidManifest.xml:35:13-100
108            android:enabled="true"
108-->[com.google.android.gms:play-services-measurement:17.2.2] AndroidManifest.xml:36:13-35
109            android:exported="true"
109-->[com.google.android.gms:play-services-measurement:17.2.2] AndroidManifest.xml:37:13-36
110            android:permission="android.permission.INSTALL_PACKAGES" >
110-->[com.google.android.gms:play-services-measurement:17.2.2] AndroidManifest.xml:38:13-69
111            <intent-filter>
111-->[com.google.android.gms:play-services-measurement:17.2.2] AndroidManifest.xml:39:13-41:29
112                <action android:name="com.android.vending.INSTALL_REFERRER" />
112-->[com.google.android.gms:play-services-measurement:17.2.2] AndroidManifest.xml:40:17-79
112-->[com.google.android.gms:play-services-measurement:17.2.2] AndroidManifest.xml:40:25-76
113            </intent-filter>
114        </receiver>
115
116        <service
116-->[com.google.android.gms:play-services-measurement:17.2.2] AndroidManifest.xml:44:9-47:40
117            android:name="com.google.android.gms.measurement.AppMeasurementService"
117-->[com.google.android.gms:play-services-measurement:17.2.2] AndroidManifest.xml:45:13-84
118            android:enabled="true"
118-->[com.google.android.gms:play-services-measurement:17.2.2] AndroidManifest.xml:46:13-35
119            android:exported="false" />
119-->[com.google.android.gms:play-services-measurement:17.2.2] AndroidManifest.xml:47:13-37
120        <service
120-->[com.google.android.gms:play-services-measurement:17.2.2] AndroidManifest.xml:48:9-52:72
121            android:name="com.google.android.gms.measurement.AppMeasurementJobService"
121-->[com.google.android.gms:play-services-measurement:17.2.2] AndroidManifest.xml:49:13-87
122            android:enabled="true"
122-->[com.google.android.gms:play-services-measurement:17.2.2] AndroidManifest.xml:50:13-35
123            android:exported="false"
123-->[com.google.android.gms:play-services-measurement:17.2.2] AndroidManifest.xml:51:13-37
124            android:permission="android.permission.BIND_JOB_SERVICE" />
124-->[com.google.android.gms:play-services-measurement:17.2.2] AndroidManifest.xml:52:13-69
125
126        <receiver
126-->[com.google.firebase:firebase-iid:20.0.2] AndroidManifest.xml:37:9-44:20
127            android:name="com.google.firebase.iid.FirebaseInstanceIdReceiver"
127-->[com.google.firebase:firebase-iid:20.0.2] AndroidManifest.xml:38:13-78
128            android:exported="true"
128-->[com.google.firebase:firebase-iid:20.0.2] AndroidManifest.xml:39:13-36
129            android:permission="com.google.android.c2dm.permission.SEND" >
129-->[com.google.firebase:firebase-iid:20.0.2] AndroidManifest.xml:40:13-73
130            <intent-filter>
130-->[com.google.firebase:firebase-iid:20.0.2] AndroidManifest.xml:41:13-43:29
131                <action android:name="com.google.android.c2dm.intent.RECEIVE" />
131-->[com.google.firebase:firebase-iid:20.0.2] AndroidManifest.xml:42:17-81
131-->[com.google.firebase:firebase-iid:20.0.2] AndroidManifest.xml:42:25-78
132            </intent-filter>
133        </receiver>
134
135        <activity
135-->[com.google.android.gms:play-services-base:17.1.0] AndroidManifest.xml:23:9-26:75
136            android:name="com.google.android.gms.common.api.GoogleApiActivity"
136-->[com.google.android.gms:play-services-base:17.1.0] AndroidManifest.xml:24:13-79
137            android:exported="false"
137-->[com.google.android.gms:play-services-base:17.1.0] AndroidManifest.xml:25:13-37
138            android:theme="@android:style/Theme.Translucent.NoTitleBar" />
138-->[com.google.android.gms:play-services-base:17.1.0] AndroidManifest.xml:26:13-72
139
140        <provider
140-->[com.google.firebase:firebase-common:19.3.0] AndroidManifest.xml:26:9-30:39
141            android:name="com.google.firebase.provider.FirebaseInitProvider"
141-->[com.google.firebase:firebase-common:19.3.0] AndroidManifest.xml:27:13-77
142            android:authorities="com.waheki.aplikasipetugassampah.firebaseinitprovider"
142-->[com.google.firebase:firebase-common:19.3.0] AndroidManifest.xml:28:13-72
143            android:exported="false"
143-->[com.google.firebase:firebase-common:19.3.0] AndroidManifest.xml:29:13-37
144            android:initOrder="100" />
144-->[com.google.firebase:firebase-common:19.3.0] AndroidManifest.xml:30:13-36
145
146        <meta-data
146-->[com.google.android.gms:play-services-basement:17.0.0] AndroidManifest.xml:23:9-25:69
147            android:name="com.google.android.gms.version"
147-->[com.google.android.gms:play-services-basement:17.0.0] AndroidManifest.xml:24:13-58
148            android:value="@integer/google_play_services_version" />
148-->[com.google.android.gms:play-services-basement:17.0.0] AndroidManifest.xml:25:13-66
149    </application>
150
151</manifest>